[0.754s] DEBUG:colcon:Command line arguments: ['/usr/bin/colcon', 'build']
[0.754s] DEBUG:colcon:Parsed command line arguments: Namespace(log_base=None, log_level=None, verb_name='build', build_base='build', install_base='install', merge_install=False, symlink_install=False, test_result_base=None, continue_on_error=False, executor='parallel', parallel_workers=16, event_handlers=None, ignore_user_meta=False, metas=['./colcon.meta'], base_paths=['.'], packages_ignore=None, packages_ignore_regex=None, paths=None, packages_up_to=None, packages_up_to_regex=None, packages_above=None, packages_above_and_dependencies=None, packages_above_depth=None, packages_select_by_dep=None, packages_skip_by_dep=None, packages_skip_up_to=None, packages_select_build_failed=False, packages_skip_build_finished=False, packages_select_test_failures=False, packages_skip_test_passed=False, packages_select=None, packages_skip=None, packages_select_regex=None, packages_skip_regex=None, packages_start=None, packages_end=None, allow_overriding=[], cmake_args=None, cmake_target=None, cmake_target_skip_unavailable=False, cmake_clean_cache=False, cmake_clean_first=False, cmake_force_configure=False, ament_cmake_args=None, catkin_cmake_args=None, catkin_skip_building_tests=False, verb_parser=<colcon_defaults.argument_parser.defaults.DefaultArgumentsDecorator object at 0x7ff1aaab2c80>, verb_extension=<colcon_core.verb.build.BuildVerb object at 0x7ff1aaab17b0>, main=<bound method BuildVerb.main of <colcon_core.verb.build.BuildVerb object at 0x7ff1aaab17b0>>)
[0.790s] Level 1:colcon.colcon_core.package_discovery:discover_packages(colcon_meta) check parameters
[0.790s] Level 1:colcon.colcon_core.package_discovery:discover_packages(recursive) check parameters
[0.790s] Level 1:colcon.colcon_core.package_discovery:discover_packages(ignore) check parameters
[0.790s] Level 1:colcon.colcon_core.package_discovery:discover_packages(path) check parameters
[0.790s] Level 1:colcon.colcon_core.package_discovery:discover_packages(colcon_meta) discover
[0.790s] Level 1:colcon.colcon_core.package_discovery:discover_packages(recursive) discover
[0.790s] INFO:colcon.colcon_core.package_discovery:Crawling recursively for packages in '/home/connor/2d-lidar-slam'
[0.790s] Level 1:colcon.colcon_core.package_identification:_identify(.) by extensions ['ignore', 'ignore_ament_install']
[0.790s] Level 1:colcon.colcon_core.package_identification:_identify(.) by extension 'ignore'
[0.790s] Level 1:colcon.colcon_core.package_identification:_identify(.) by extension 'ignore_ament_install'
[0.790s] Level 1:colcon.colcon_core.package_identification:_identify(.) by extensions ['colcon_pkg']
[0.791s] Level 1:colcon.colcon_core.package_identification:_identify(.) by extension 'colcon_pkg'
[0.791s] Level 1:colcon.colcon_core.package_identification:_identify(.) by extensions ['colcon_meta']
[0.791s] Level 1:colcon.colcon_core.package_identification:_identify(.) by extension 'colcon_meta'
[0.791s] Level 1:colcon.colcon_core.package_identification:_identify(.) by extensions ['ros']
[0.791s] Level 1:colcon.colcon_core.package_identification:_identify(.) by extension 'ros'
[0.799s] Level 1:colcon.colcon_core.package_identification:_identify(.) by extensions ['cmake', 'python']
[0.799s] Level 1:colcon.colcon_core.package_identification:_identify(.) by extension 'cmake'
[0.799s] Level 1:colcon.colcon_core.package_identification:_identify(.) by extension 'python'
[0.799s] Level 1:colcon.colcon_core.package_identification:_identify(.) by extensions ['python_setup_py']
[0.799s] Level 1:colcon.colcon_core.package_identification:_identify(.) by extension 'python_setup_py'
[0.799s] Level 1:colcon.colcon_core.package_identification:_identify(build) by extensions ['ignore', 'ignore_ament_install']
[0.799s] Level 1:colcon.colcon_core.package_identification:_identify(build) by extension 'ignore'
[0.799s] Level 1:colcon.colcon_core.package_identification:_identify(build) ignored
[0.800s] Level 1:colcon.colcon_core.package_identification:_identify(install) by extensions ['ignore', 'ignore_ament_install']
[0.800s] Level 1:colcon.colcon_core.package_identification:_identify(install) by extension 'ignore'
[0.800s] Level 1:colcon.colcon_core.package_identification:_identify(install) ignored
[0.800s] Level 1:colcon.colcon_core.package_identification:_identify(log) by extensions ['ignore', 'ignore_ament_install']
[0.800s] Level 1:colcon.colcon_core.package_identification:_identify(log) by extension 'ignore'
[0.800s] Level 1:colcon.colcon_core.package_identification:_identify(log) ignored
[0.800s] Level 1:colcon.colcon_core.package_identification:_identify(src) by extensions ['ignore', 'ignore_ament_install']
[0.800s] Level 1:colcon.colcon_core.package_identification:_identify(src) by extension 'ignore'
[0.800s] Level 1:colcon.colcon_core.package_identification:_identify(src) by extension 'ignore_ament_install'
[0.800s] Level 1:colcon.colcon_core.package_identification:_identify(src) by extensions ['colcon_pkg']
[0.800s] Level 1:colcon.colcon_core.package_identification:_identify(src) by extension 'colcon_pkg'
[0.800s] Level 1:colcon.colcon_core.package_identification:_identify(src) by extensions ['colcon_meta']
[0.800s] Level 1:colcon.colcon_core.package_identification:_identify(src) by extension 'colcon_meta'
[0.800s] Level 1:colcon.colcon_core.package_identification:_identify(src) by extensions ['ros']
[0.800s] Level 1:colcon.colcon_core.package_identification:_identify(src) by extension 'ros'
[0.800s] Level 1:colcon.colcon_core.package_identification:_identify(src) by extensions ['cmake', 'python']
[0.800s] Level 1:colcon.colcon_core.package_identification:_identify(src) by extension 'cmake'
[0.800s] Level 1:colcon.colcon_core.package_identification:_identify(src) by extension 'python'
[0.800s] Level 1:colcon.colcon_core.package_identification:_identify(src) by extensions ['python_setup_py']
[0.800s] Level 1:colcon.colcon_core.package_identification:_identify(src) by extension 'python_setup_py'
[0.800s] Level 1:colcon.colcon_core.package_identification:_identify(src/2d-lidar-slam) by extensions ['ignore', 'ignore_ament_install']
[0.801s] Level 1:colcon.colcon_core.package_identification:_identify(src/2d-lidar-slam) by extension 'ignore'
[0.801s] Level 1:colcon.colcon_core.package_identification:_identify(src/2d-lidar-slam) by extension 'ignore_ament_install'
[0.801s] Level 1:colcon.colcon_core.package_identification:_identify(src/2d-lidar-slam) by extensions ['colcon_pkg']
[0.801s] Level 1:colcon.colcon_core.package_identification:_identify(src/2d-lidar-slam) by extension 'colcon_pkg'
[0.801s] Level 1:colcon.colcon_core.package_identification:_identify(src/2d-lidar-slam) by extensions ['colcon_meta']
[0.801s] Level 1:colcon.colcon_core.package_identification:_identify(src/2d-lidar-slam) by extension 'colcon_meta'
[0.801s] Level 1:colcon.colcon_core.package_identification:_identify(src/2d-lidar-slam) by extensions ['ros']
[0.801s] Level 1:colcon.colcon_core.package_identification:_identify(src/2d-lidar-slam) by extension 'ros'
[0.802s] DEBUG:colcon.colcon_core.package_identification:Package 'src/2d-lidar-slam' with type 'ros.ament_python' and name '2d-lidar-slam'
[0.802s] Level 1:colcon.colcon_core.package_discovery:discover_packages(recursive) using defaults
[0.802s] Level 1:colcon.colcon_core.package_discovery:discover_packages(ignore) discover
[0.802s] Level 1:colcon.colcon_core.package_discovery:discover_packages(ignore) using defaults
[0.803s] Level 1:colcon.colcon_core.package_discovery:discover_packages(path) discover
[0.803s] Level 1:colcon.colcon_core.package_discovery:discover_packages(path) using defaults
[0.873s] Level 1:colcon.colcon_core.package_discovery:discover_packages(prefix_path) check parameters
[0.873s] Level 1:colcon.colcon_core.package_discovery:discover_packages(prefix_path) discover
[0.897s] DEBUG:colcon.colcon_installed_package_information.package_discovery:Found 296 installed packages in /opt/ros/iron
[0.898s] Level 1:colcon.colcon_core.package_discovery:discover_packages(prefix_path) using defaults
[0.982s] Level 5:colcon.colcon_core.verb:set package '2d-lidar-slam' build argument 'cmake_args' from command line to 'None'
[0.982s] Level 5:colcon.colcon_core.verb:set package '2d-lidar-slam' build argument 'cmake_target' from command line to 'None'
[0.982s] Level 5:colcon.colcon_core.verb:set package '2d-lidar-slam' build argument 'cmake_target_skip_unavailable' from command line to 'False'
[0.982s] Level 5:colcon.colcon_core.verb:set package '2d-lidar-slam' build argument 'cmake_clean_cache' from command line to 'False'
[0.982s] Level 5:colcon.colcon_core.verb:set package '2d-lidar-slam' build argument 'cmake_clean_first' from command line to 'False'
[0.982s] Level 5:colcon.colcon_core.verb:set package '2d-lidar-slam' build argument 'cmake_force_configure' from command line to 'False'
[0.982s] Level 5:colcon.colcon_core.verb:set package '2d-lidar-slam' build argument 'ament_cmake_args' from command line to 'None'
[0.982s] Level 5:colcon.colcon_core.verb:set package '2d-lidar-slam' build argument 'catkin_cmake_args' from command line to 'None'
[0.982s] Level 5:colcon.colcon_core.verb:set package '2d-lidar-slam' build argument 'catkin_skip_building_tests' from command line to 'False'
[0.982s] DEBUG:colcon.colcon_core.verb:Building package '2d-lidar-slam' with the following arguments: {'ament_cmake_args': None, 'build_base': '/home/connor/2d-lidar-slam/build/2d-lidar-slam', 'catkin_cmake_args': None, 'catkin_skip_building_tests': False, 'cmake_args': None, 'cmake_clean_cache': False, 'cmake_clean_first': False, 'cmake_force_configure': False, 'cmake_target': None, 'cmake_target_skip_unavailable': False, 'install_base': '/home/connor/2d-lidar-slam/install/2d-lidar-slam', 'merge_install': False, 'path': '/home/connor/2d-lidar-slam/src/2d-lidar-slam', 'symlink_install': False, 'test_result_base': None}
[0.993s] INFO:colcon.colcon_core.executor:Executing jobs using 'parallel' executor
[1.004s] DEBUG:colcon.colcon_parallel_executor.executor.parallel:run_until_complete
[1.004s] INFO:colcon.colcon_ros.task.ament_python.build:Building ROS package in '/home/connor/2d-lidar-slam/src/2d-lidar-slam' with build type 'ament_python'
[1.005s] Level 1:colcon.colcon_core.shell:create_environment_hook('2d-lidar-slam', 'ament_prefix_path')
[1.017s] INFO:colcon.colcon_core.plugin_system:Skipping extension 'colcon_core.shell.bat': Not used on non-Windows systems
[1.017s] INFO:colcon.colcon_core.shell:Creating environment hook '/home/connor/2d-lidar-slam/install/2d-lidar-slam/share/2d-lidar-slam/hook/ament_prefix_path.ps1'
[1.017s] INFO:colcon.colcon_core.shell:Creating environment descriptor '/home/connor/2d-lidar-slam/install/2d-lidar-slam/share/2d-lidar-slam/hook/ament_prefix_path.dsv'
[1.018s] INFO:colcon.colcon_core.shell:Creating environment hook '/home/connor/2d-lidar-slam/install/2d-lidar-slam/share/2d-lidar-slam/hook/ament_prefix_path.sh'
[1.029s] INFO:colcon.colcon_core.shell:Skip shell extension 'powershell' for command environment: Not usable outside of PowerShell
[1.029s] DEBUG:colcon.colcon_core.shell:Skip shell extension 'dsv' for command environment
[1.287s] INFO:colcon.colcon_core.task.python.build:Building Python package in '/home/connor/2d-lidar-slam/src/2d-lidar-slam'
[1.299s] INFO:colcon.colcon_core.shell:Skip shell extension 'powershell' for command environment: Not usable outside of PowerShell
[1.299s] DEBUG:colcon.colcon_core.shell:Skip shell extension 'dsv' for command environment
[1.585s] DEBUG:colcon.colcon_core.event_handler.log_command:Invoking command in '/home/connor/2d-lidar-slam/src/2d-lidar-slam': PYTHONPATH=/home/connor/2d-lidar-slam/build/2d-lidar-slam/prefix_override:/home/connor/2d-lidar-slam/install/2d-lidar-slam/lib/python3.10/site-packages:${PYTHONPATH} /usr/bin/python3 setup.py egg_info --egg-base ../../build/2d-lidar-slam build --build-base /home/connor/2d-lidar-slam/build/2d-lidar-slam/build install --record /home/connor/2d-lidar-slam/build/2d-lidar-slam/install.log --single-version-externally-managed
[1.803s] DEBUG:colcon.colcon_core.event_handler.log_command:Invoked command in '/home/connor/2d-lidar-slam/src/2d-lidar-slam' returned '0': PYTHONPATH=/home/connor/2d-lidar-slam/build/2d-lidar-slam/prefix_override:/home/connor/2d-lidar-slam/install/2d-lidar-slam/lib/python3.10/site-packages:${PYTHONPATH} /usr/bin/python3 setup.py egg_info --egg-base ../../build/2d-lidar-slam build --build-base /home/connor/2d-lidar-slam/build/2d-lidar-slam/build install --record /home/connor/2d-lidar-slam/build/2d-lidar-slam/install.log --single-version-externally-managed
[1.817s] Level 1:colcon.colcon_core.environment:checking '/home/connor/2d-lidar-slam/install/2d-lidar-slam' for CMake module files
[1.817s] Level 1:colcon.colcon_core.environment:checking '/home/connor/2d-lidar-slam/install/2d-lidar-slam' for CMake config files
[1.817s] Level 1:colcon.colcon_core.environment:checking '/home/connor/2d-lidar-slam/install/2d-lidar-slam/lib'
[1.818s] Level 1:colcon.colcon_core.environment:checking '/home/connor/2d-lidar-slam/install/2d-lidar-slam/bin'
[1.818s] Level 1:colcon.colcon_core.environment:checking '/home/connor/2d-lidar-slam/install/2d-lidar-slam/lib/pkgconfig/2d-lidar-slam.pc'
[1.818s] Level 1:colcon.colcon_core.environment:checking '/home/connor/2d-lidar-slam/install/2d-lidar-slam/lib/python3.10/site-packages'
[1.818s] Level 1:colcon.colcon_core.shell:create_environment_hook('2d-lidar-slam', 'pythonpath')
[1.829s] INFO:colcon.colcon_core.shell:Creating environment hook '/home/connor/2d-lidar-slam/install/2d-lidar-slam/share/2d-lidar-slam/hook/pythonpath.ps1'
[1.829s] INFO:colcon.colcon_core.shell:Creating environment descriptor '/home/connor/2d-lidar-slam/install/2d-lidar-slam/share/2d-lidar-slam/hook/pythonpath.dsv'
[1.829s] INFO:colcon.colcon_core.shell:Creating environment hook '/home/connor/2d-lidar-slam/install/2d-lidar-slam/share/2d-lidar-slam/hook/pythonpath.sh'
[1.830s] Level 1:colcon.colcon_core.environment:checking '/home/connor/2d-lidar-slam/install/2d-lidar-slam/bin'
[1.830s] Level 1:colcon.colcon_core.environment:create_environment_scripts_only(2d-lidar-slam)
[1.841s] INFO:colcon.colcon_core.shell:Creating package script '/home/connor/2d-lidar-slam/install/2d-lidar-slam/share/2d-lidar-slam/package.ps1'
[1.842s] INFO:colcon.colcon_core.shell:Creating package descriptor '/home/connor/2d-lidar-slam/install/2d-lidar-slam/share/2d-lidar-slam/package.dsv'
[1.842s] INFO:colcon.colcon_core.shell:Creating package script '/home/connor/2d-lidar-slam/install/2d-lidar-slam/share/2d-lidar-slam/package.sh'
[1.842s] INFO:colcon.colcon_core.shell:Creating package script '/home/connor/2d-lidar-slam/install/2d-lidar-slam/share/2d-lidar-slam/package.bash'
[1.843s] INFO:colcon.colcon_core.shell:Creating package script '/home/connor/2d-lidar-slam/install/2d-lidar-slam/share/2d-lidar-slam/package.zsh'
[1.843s] Level 1:colcon.colcon_core.environment:create_file_with_runtime_dependencies(/home/connor/2d-lidar-slam/install/2d-lidar-slam/share/colcon-core/packages/2d-lidar-slam)
[1.844s] DEBUG:colcon.colcon_parallel_executor.executor.parallel:closing loop
[1.844s] DEBUG:colcon.colcon_parallel_executor.executor.parallel:loop closed
[1.844s] DEBUG:colcon.colcon_parallel_executor.executor.parallel:run_until_complete finished with '0'
[1.844s] DEBUG:colcon.colcon_core.event_reactor:joining thread
[1.859s] INFO:colcon.colcon_core.plugin_system:Skipping extension 'colcon_notification.desktop_notification.terminal_notifier': Not used on non-Darwin systems
[1.859s] INFO:colcon.colcon_core.plugin_system:Skipping extension 'colcon_notification.desktop_notification.win32': Not used on non-Windows systems
[1.859s] INFO:colcon.colcon_notification.desktop_notification:Sending desktop notification using 'notify2'
[1.870s] DEBUG:colcon.colcon_core.event_reactor:joined thread
[1.882s] INFO:colcon.colcon_core.shell:Creating prefix script '/home/connor/2d-lidar-slam/install/local_setup.ps1'
[1.883s] INFO:colcon.colcon_core.shell:Creating prefix util module '/home/connor/2d-lidar-slam/install/_local_setup_util_ps1.py'
[1.884s] INFO:colcon.colcon_core.shell:Creating prefix chain script '/home/connor/2d-lidar-slam/install/setup.ps1'
[1.896s] INFO:colcon.colcon_core.shell:Creating prefix script '/home/connor/2d-lidar-slam/install/local_setup.sh'
[1.896s] INFO:colcon.colcon_core.shell:Creating prefix util module '/home/connor/2d-lidar-slam/install/_local_setup_util_sh.py'
[1.897s] INFO:colcon.colcon_core.shell:Creating prefix chain script '/home/connor/2d-lidar-slam/install/setup.sh'
[1.908s] INFO:colcon.colcon_core.shell:Creating prefix script '/home/connor/2d-lidar-slam/install/local_setup.bash'
[1.908s] INFO:colcon.colcon_core.shell:Creating prefix chain script '/home/connor/2d-lidar-slam/install/setup.bash'
[1.919s] INFO:colcon.colcon_core.shell:Creating prefix script '/home/connor/2d-lidar-slam/install/local_setup.zsh'
[1.920s] INFO:colcon.colcon_core.shell:Creating prefix chain script '/home/connor/2d-lidar-slam/install/setup.zsh'
