running egg_info
creating ../../build/slam_lidar/slam_lidar.egg-info
writing ../../build/slam_lidar/slam_lidar.egg-info/PKG-INFO
writing dependency_links to ../../build/slam_lidar/slam_lidar.egg-info/dependency_links.txt
writing entry points to ../../build/slam_lidar/slam_lidar.egg-info/entry_points.txt
writing requirements to ../../build/slam_lidar/slam_lidar.egg-info/requires.txt
writing top-level names to ../../build/slam_lidar/slam_lidar.egg-info/top_level.txt
writing manifest file '../../build/slam_lidar/slam_lidar.egg-info/SOURCES.txt'
reading manifest file '../../build/slam_lidar/slam_lidar.egg-info/SOURCES.txt'
adding license file 'LICENSE'
writing manifest file '../../build/slam_lidar/slam_lidar.egg-info/SOURCES.txt'
running build
running build_py
creating /home/connor/2d-lidar-slam/build/slam_lidar/build
creating /home/connor/2d-lidar-slam/build/slam_lidar/build/lib
creating /home/connor/2d-lidar-slam/build/slam_lidar/build/lib/slam_lidar
copying slam_lidar/__init__.py -> /home/connor/2d-lidar-slam/build/slam_lidar/build/lib/slam_lidar
copying slam_lidar/lidar_node.py -> /home/connor/2d-lidar-slam/build/slam_lidar/build/lib/slam_lidar
running install
/usr/lib/python3/dist-packages/setuptools/command/install.py:34: SetuptoolsDeprecationWarning: setup.py install is deprecated. Use build and pip and other standards-based tools.
  warnings.warn(
running install_lib
creating /home/connor/2d-lidar-slam/install/slam_lidar/lib/python3.10/site-packages/slam_lidar
copying /home/connor/2d-lidar-slam/build/slam_lidar/build/lib/slam_lidar/__init__.py -> /home/connor/2d-lidar-slam/install/slam_lidar/lib/python3.10/site-packages/slam_lidar
copying /home/connor/2d-lidar-slam/build/slam_lidar/build/lib/slam_lidar/lidar_node.py -> /home/connor/2d-lidar-slam/install/slam_lidar/lib/python3.10/site-packages/slam_lidar
byte-compiling /home/connor/2d-lidar-slam/install/slam_lidar/lib/python3.10/site-packages/slam_lidar/__init__.py to __init__.cpython-310.pyc
byte-compiling /home/connor/2d-lidar-slam/install/slam_lidar/lib/python3.10/site-packages/slam_lidar/lidar_node.py to lidar_node.cpython-310.pyc
running install_data
creating /home/connor/2d-lidar-slam/install/slam_lidar/share/ament_index
creating /home/connor/2d-lidar-slam/install/slam_lidar/share/ament_index/resource_index
creating /home/connor/2d-lidar-slam/install/slam_lidar/share/ament_index/resource_index/packages
copying resource/slam_lidar -> /home/connor/2d-lidar-slam/install/slam_lidar/share/ament_index/resource_index/packages
copying package.xml -> /home/connor/2d-lidar-slam/install/slam_lidar/share/slam_lidar
running install_egg_info
Copying ../../build/slam_lidar/slam_lidar.egg-info to /home/connor/2d-lidar-slam/install/slam_lidar/lib/python3.10/site-packages/slam_lidar-0.0.0-py3.10.egg-info
running install_scripts
Installing lidar_node script to /home/connor/2d-lidar-slam/install/slam_lidar/lib/slam_lidar
writing list of installed files to '/home/connor/2d-lidar-slam/build/slam_lidar/install.log'
