[0.523s] Invoking command in '/home/connor/2d-lidar-slam/src/slam_lidar': PYTHONPATH=/home/connor/2d-lidar-slam/build/slam_lidar/prefix_override:/home/connor/2d-lidar-slam/install/slam_lidar/lib/python3.10/site-packages:${PYTHONPATH} /usr/bin/python3 setup.py egg_info --egg-base ../../build/slam_lidar build --build-base /home/connor/2d-lidar-slam/build/slam_lidar/build install --record /home/connor/2d-lidar-slam/build/slam_lidar/install.log --single-version-externally-managed
[0.695s] running egg_info
[0.695s] creating ../../build/slam_lidar/slam_lidar.egg-info
[0.695s] writing ../../build/slam_lidar/slam_lidar.egg-info/PKG-INFO
[0.695s] writing dependency_links to ../../build/slam_lidar/slam_lidar.egg-info/dependency_links.txt
[0.695s] writing entry points to ../../build/slam_lidar/slam_lidar.egg-info/entry_points.txt
[0.695s] writing requirements to ../../build/slam_lidar/slam_lidar.egg-info/requires.txt
[0.695s] writing top-level names to ../../build/slam_lidar/slam_lidar.egg-info/top_level.txt
[0.695s] writing manifest file '../../build/slam_lidar/slam_lidar.egg-info/SOURCES.txt'
[0.697s] reading manifest file '../../build/slam_lidar/slam_lidar.egg-info/SOURCES.txt'
[0.697s] adding license file 'LICENSE'
[0.697s] writing manifest file '../../build/slam_lidar/slam_lidar.egg-info/SOURCES.txt'
[0.697s] running build
[0.697s] running build_py
[0.697s] creating /home/connor/2d-lidar-slam/build/slam_lidar/build
[0.697s] creating /home/connor/2d-lidar-slam/build/slam_lidar/build/lib
[0.698s] creating /home/connor/2d-lidar-slam/build/slam_lidar/build/lib/slam_lidar
[0.698s] copying slam_lidar/__init__.py -> /home/connor/2d-lidar-slam/build/slam_lidar/build/lib/slam_lidar
[0.698s] copying slam_lidar/lidar_node.py -> /home/connor/2d-lidar-slam/build/slam_lidar/build/lib/slam_lidar
[0.698s] running install
[0.698s] /usr/lib/python3/dist-packages/setuptools/command/install.py:34: SetuptoolsDeprecationWarning: setup.py install is deprecated. Use build and pip and other standards-based tools.
[0.698s]   warnings.warn(
[0.698s] running install_lib
[0.699s] creating /home/connor/2d-lidar-slam/install/slam_lidar/lib/python3.10/site-packages/slam_lidar
[0.699s] copying /home/connor/2d-lidar-slam/build/slam_lidar/build/lib/slam_lidar/__init__.py -> /home/connor/2d-lidar-slam/install/slam_lidar/lib/python3.10/site-packages/slam_lidar
[0.699s] copying /home/connor/2d-lidar-slam/build/slam_lidar/build/lib/slam_lidar/lidar_node.py -> /home/connor/2d-lidar-slam/install/slam_lidar/lib/python3.10/site-packages/slam_lidar
[0.699s] byte-compiling /home/connor/2d-lidar-slam/install/slam_lidar/lib/python3.10/site-packages/slam_lidar/__init__.py to __init__.cpython-310.pyc
[0.699s] byte-compiling /home/connor/2d-lidar-slam/install/slam_lidar/lib/python3.10/site-packages/slam_lidar/lidar_node.py to lidar_node.cpython-310.pyc
[0.700s] running install_data
[0.700s] creating /home/connor/2d-lidar-slam/install/slam_lidar/share/ament_index
[0.700s] creating /home/connor/2d-lidar-slam/install/slam_lidar/share/ament_index/resource_index
[0.700s] creating /home/connor/2d-lidar-slam/install/slam_lidar/share/ament_index/resource_index/packages
[0.700s] copying resource/slam_lidar -> /home/connor/2d-lidar-slam/install/slam_lidar/share/ament_index/resource_index/packages
[0.700s] copying package.xml -> /home/connor/2d-lidar-slam/install/slam_lidar/share/slam_lidar
[0.700s] running install_egg_info
[0.701s] Copying ../../build/slam_lidar/slam_lidar.egg-info to /home/connor/2d-lidar-slam/install/slam_lidar/lib/python3.10/site-packages/slam_lidar-0.0.0-py3.10.egg-info
[0.702s] running install_scripts
[0.718s] Installing lidar_node script to /home/connor/2d-lidar-slam/install/slam_lidar/lib/slam_lidar
[0.718s] writing list of installed files to '/home/connor/2d-lidar-slam/build/slam_lidar/install.log'
[0.744s] Invoked command in '/home/connor/2d-lidar-slam/src/slam_lidar' returned '0': PYTHONPATH=/home/connor/2d-lidar-slam/build/slam_lidar/prefix_override:/home/connor/2d-lidar-slam/install/slam_lidar/lib/python3.10/site-packages:${PYTHONPATH} /usr/bin/python3 setup.py egg_info --egg-base ../../build/slam_lidar build --build-base /home/connor/2d-lidar-slam/build/slam_lidar/build install --record /home/connor/2d-lidar-slam/build/slam_lidar/install.log --single-version-externally-managed
