running egg_info
creating ../../build/2d-lidar-slam/2d_lidar_slam.egg-info
writing ../../build/2d-lidar-slam/2d_lidar_slam.egg-info/PKG-INFO
writing dependency_links to ../../build/2d-lidar-slam/2d_lidar_slam.egg-info/dependency_links.txt
writing entry points to ../../build/2d-lidar-slam/2d_lidar_slam.egg-info/entry_points.txt
writing requirements to ../../build/2d-lidar-slam/2d_lidar_slam.egg-info/requires.txt
writing top-level names to ../../build/2d-lidar-slam/2d_lidar_slam.egg-info/top_level.txt
writing manifest file '../../build/2d-lidar-slam/2d_lidar_slam.egg-info/SOURCES.txt'
reading manifest file '../../build/2d-lidar-slam/2d_lidar_slam.egg-info/SOURCES.txt'
adding license file 'LICENSE'
writing manifest file '../../build/2d-lidar-slam/2d_lidar_slam.egg-info/SOURCES.txt'
running build
running build_py
creating /home/connor/2d-lidar-slam/build/2d-lidar-slam/build
creating /home/connor/2d-lidar-slam/build/2d-lidar-slam/build/lib
creating /home/connor/2d-lidar-slam/build/2d-lidar-slam/build/lib/2d-lidar-slam
copying 2d-lidar-slam/__init__.py -> /home/connor/2d-lidar-slam/build/2d-lidar-slam/build/lib/2d-lidar-slam
running install
running install_lib
creating /home/connor/2d-lidar-slam/install/2d-lidar-slam/lib/python3.10/site-packages/2d-lidar-slam
copying /home/connor/2d-lidar-slam/build/2d-lidar-slam/build/lib/2d-lidar-slam/__init__.py -> /home/connor/2d-lidar-slam/install/2d-lidar-slam/lib/python3.10/site-packages/2d-lidar-slam
byte-compiling /home/connor/2d-lidar-slam/install/2d-lidar-slam/lib/python3.10/site-packages/2d-lidar-slam/__init__.py to __init__.cpython-310.pyc
running install_data
creating /home/connor/2d-lidar-slam/install/2d-lidar-slam/share/ament_index
creating /home/connor/2d-lidar-slam/install/2d-lidar-slam/share/ament_index/resource_index
creating /home/connor/2d-lidar-slam/install/2d-lidar-slam/share/ament_index/resource_index/packages
copying resource/2d-lidar-slam -> /home/connor/2d-lidar-slam/install/2d-lidar-slam/share/ament_index/resource_index/packages
copying package.xml -> /home/connor/2d-lidar-slam/install/2d-lidar-slam/share/2d-lidar-slam
running install_egg_info
Copying ../../build/2d-lidar-slam/2d_lidar_slam.egg-info to /home/connor/2d-lidar-slam/install/2d-lidar-slam/lib/python3.10/site-packages/2d_lidar_slam-0.0.0-py3.10.egg-info
running install_scripts
writing list of installed files to '/home/connor/2d-lidar-slam/build/2d-lidar-slam/install.log'
