[0.580s] Invoking command in '/home/connor/2d-lidar-slam/src/2d-lidar-slam': PYTHONPATH=/home/connor/2d-lidar-slam/build/2d-lidar-slam/prefix_override:/home/connor/2d-lidar-slam/install/2d-lidar-slam/lib/python3.10/site-packages:${PYTHONPATH} /usr/bin/python3 setup.py egg_info --egg-base ../../build/2d-lidar-slam build --build-base /home/connor/2d-lidar-slam/build/2d-lidar-slam/build install --record /home/connor/2d-lidar-slam/build/2d-lidar-slam/install.log --single-version-externally-managed
[0.748s] running egg_info
[0.748s] creating ../../build/2d-lidar-slam/2d_lidar_slam.egg-info
[0.749s] writing ../../build/2d-lidar-slam/2d_lidar_slam.egg-info/PKG-INFO
[0.749s] writing dependency_links to ../../build/2d-lidar-slam/2d_lidar_slam.egg-info/dependency_links.txt
[0.749s] writing entry points to ../../build/2d-lidar-slam/2d_lidar_slam.egg-info/entry_points.txt
[0.749s] writing requirements to ../../build/2d-lidar-slam/2d_lidar_slam.egg-info/requires.txt
[0.749s] writing top-level names to ../../build/2d-lidar-slam/2d_lidar_slam.egg-info/top_level.txt
[0.749s] writing manifest file '../../build/2d-lidar-slam/2d_lidar_slam.egg-info/SOURCES.txt'
[0.750s] reading manifest file '../../build/2d-lidar-slam/2d_lidar_slam.egg-info/SOURCES.txt'
[0.750s] adding license file 'LICENSE'
[0.751s] writing manifest file '../../build/2d-lidar-slam/2d_lidar_slam.egg-info/SOURCES.txt'
[0.751s] running build
[0.751s] running build_py
[0.751s] creating /home/connor/2d-lidar-slam/build/2d-lidar-slam/build
[0.751s] creating /home/connor/2d-lidar-slam/build/2d-lidar-slam/build/lib
[0.751s] creating /home/connor/2d-lidar-slam/build/2d-lidar-slam/build/lib/2d-lidar-slam
[0.751s] copying 2d-lidar-slam/__init__.py -> /home/connor/2d-lidar-slam/build/2d-lidar-slam/build/lib/2d-lidar-slam
[0.751s] running install
[0.752s] /usr/lib/python3/dist-packages/setuptools/command/install.py:34: SetuptoolsDeprecationWarning: setup.py install is deprecated. Use build and pip and other standards-based tools.
[0.752s]   warnings.warn(
[0.752s] running install_lib
[0.752s] creating /home/connor/2d-lidar-slam/install/2d-lidar-slam/lib/python3.10/site-packages/2d-lidar-slam
[0.752s] copying /home/connor/2d-lidar-slam/build/2d-lidar-slam/build/lib/2d-lidar-slam/__init__.py -> /home/connor/2d-lidar-slam/install/2d-lidar-slam/lib/python3.10/site-packages/2d-lidar-slam
[0.753s] byte-compiling /home/connor/2d-lidar-slam/install/2d-lidar-slam/lib/python3.10/site-packages/2d-lidar-slam/__init__.py to __init__.cpython-310.pyc
[0.753s] running install_data
[0.753s] creating /home/connor/2d-lidar-slam/install/2d-lidar-slam/share/ament_index
[0.753s] creating /home/connor/2d-lidar-slam/install/2d-lidar-slam/share/ament_index/resource_index
[0.754s] creating /home/connor/2d-lidar-slam/install/2d-lidar-slam/share/ament_index/resource_index/packages
[0.754s] copying resource/2d-lidar-slam -> /home/connor/2d-lidar-slam/install/2d-lidar-slam/share/ament_index/resource_index/packages
[0.754s] copying package.xml -> /home/connor/2d-lidar-slam/install/2d-lidar-slam/share/2d-lidar-slam
[0.754s] running install_egg_info
[0.755s] Copying ../../build/2d-lidar-slam/2d_lidar_slam.egg-info to /home/connor/2d-lidar-slam/install/2d-lidar-slam/lib/python3.10/site-packages/2d_lidar_slam-0.0.0-py3.10.egg-info
[0.756s] running install_scripts
[0.771s] writing list of installed files to '/home/connor/2d-lidar-slam/build/2d-lidar-slam/install.log'
[0.798s] Invoked command in '/home/connor/2d-lidar-slam/src/2d-lidar-slam' returned '0': PYTHONPATH=/home/connor/2d-lidar-slam/build/2d-lidar-slam/prefix_override:/home/connor/2d-lidar-slam/install/2d-lidar-slam/lib/python3.10/site-packages:${PYTHONPATH} /usr/bin/python3 setup.py egg_info --egg-base ../../build/2d-lidar-slam build --build-base /home/connor/2d-lidar-slam/build/2d-lidar-slam/build install --record /home/connor/2d-lidar-slam/build/2d-lidar-slam/install.log --single-version-externally-managed
